<?xml version="1.0" encoding="UTF-8"?>
<testng-results ignored="0" total="1" passed="1" failed="0" skipped="0">
  <reporter-output>
  </reporter-output>
  <suite started-at="2022-12-29T20:12:00 CST" name="Default suite" finished-at="2022-12-29T20:12:17 CST" duration-ms="17775">
    <groups>
    </groups>
    <test started-at="2022-12-29T20:12:00 CST" name="Default test" finished-at="2022-12-29T20:12:17 CST" duration-ms="17775">
      <class name="com.testscenarios.TS_001_QDsignin">
        <test-method signature="f()[pri:0, instance:com.testscenarios.TS_001_QDsignin@2f01783a]" started-at="2022-12-29T20:12:00 CST" name="f" finished-at="2022-12-29T20:12:17 CST" duration-ms="17586" status="PASS">
          <reporter-output>
          </reporter-output>
        </test-method> <!-- f -->
        <test-method is-config="true" signature="afterMethod()[pri:0, instance:com.testscenarios.TS_001_QDsignin@2f01783a]" started-at="2022-12-29T20:12:17 CST" name="afterMethod" finished-at="2022-12-29T20:12:17 CST" duration-ms="152" status="PASS">
          <reporter-output>
          </reporter-output>
        </test-method> <!-- afterMethod -->
        <test-method is-config="true" signature="afterClass()[pri:0, instance:com.testscenarios.TS_001_QDsignin@2f01783a]" started-at="2022-12-29T20:12:17 CST" name="afterClass" finished-at="2022-12-29T20:12:17 CST" duration-ms="0" status="PASS">
          <reporter-output>
          </reporter-output>
        </test-method> <!-- afterClass -->
      </class> <!-- com.testscenarios.TS_001_QDsignin -->
    </test> <!-- Default test -->
  </suite> <!-- Default suite -->
</testng-results>
